#
# There is insufficient memory for the Java Runtime Environment to continue.
# Native memory allocation (mmap) failed to map 132120576 bytes for G1 virtual space
# Possible reasons:
#   The system is out of physical RAM or swap space
#   The process is running with CompressedOops enabled, and the Java Heap may be blocking the growth of the native heap
# Possible solutions:
#   Reduce memory load on the system
#   Increase physical memory or swap space
#   Check if swap backing store is full
#   Decrease Java heap size (-Xmx/-Xms)
#   Decrease number of Java threads
#   Decrease Java thread stack sizes (-Xss)
#   Set larger code cache with -XX:ReservedCodeCacheSize=
#   JVM is running with Unscaled Compressed Oops mode in which the Java heap is
#     placed in the first 4GB address space. The Java Heap base address is the
#     maximum limit for the native heap growth. Please use -XX:HeapBaseMinAddress
#     to set the Java Heap base and to place the Java Heap above 4GB virtual address.
# This output file may be truncated or incomplete.
#
#  Out of Memory Error (os_windows.cpp:3825), pid=9688, tid=12520
#
# JRE version:  (17.0.10+8) (build )
# Java VM: OpenJDK 64-Bit Server VM (17.0.10+8-b1207.12, mixed mode, sharing, tiered, compressed oops, compressed class ptrs, g1 gc, windows-amd64)
# No core dump will be written. Minidumps are not enabled by default on client versions of Windows
#

---------------  S U M M A R Y ------------

Command Line: com.intellij.util.ReadEnv

Host: Intel(R) Core(TM) i3-10110U CPU @ 2.10GHz, 4 cores, 7G,  Windows 11 , 64 bit Build 26100 (10.0.26100.2454)
Time: Sun Jan 26 13:08:25 2025 India Standard Time elapsed time: 0.079882 seconds (0d 0h 0m 0s)

---------------  T H R E A D  ---------------

Current thread (0x000001cc5d2a4250):  JavaThread "Unknown thread" [_thread_in_vm, id=12520, stack(0x0000003539100000,0x0000003539200000)]

Stack: [0x0000003539100000,0x0000003539200000]
Native frames: (J=compiled Java code, j=interpreted, Vv=VM code, C=native code)
V  [jvm.dll+0x687989]
V  [jvm.dll+0x84116a]
V  [jvm.dll+0x842dae]
V  [jvm.dll+0x843413]
V  [jvm.dll+0x249ccf]
V  [jvm.dll+0x684759]
V  [jvm.dll+0x67900a]
V  [jvm.dll+0x30ab0b]
V  [jvm.dll+0x311fb6]
V  [jvm.dll+0x361d5e]
V  [jvm.dll+0x361f8f]
V  [jvm.dll+0x2e07f8]
V  [jvm.dll+0x2e1764]
V  [jvm.dll+0x811c31]
V  [jvm.dll+0x36fc11]
V  [jvm.dll+0x7f0666]
V  [jvm.dll+0x3f3daf]
V  [jvm.dll+0x3f5a41]
C  [jli.dll+0x528f]
C  [ucrtbase.dll+0x14ea0]
C  [KERNEL32.DLL+0x2e8d7]
C  [ntdll.dll+0xdfbcc]


---------------  P R O C E S S  ---------------

Threads class SMR info:
_java_thread_list=0x00007ff8fdabdf58, length=0, elements={
}

Java Threads: ( => current thread )

Other Threads:
  0x000001cc5d300000 GCTaskThread "GC Thread#0" [stack: 0x0000003539200000,0x0000003539300000] [id=8844]
  0x000001cc5d3108d0 ConcurrentGCThread "G1 Main Marker" [stack: 0x0000003539300000,0x0000003539400000] [id=3264]
  0x000001cc5d3112f0 ConcurrentGCThread "G1 Conc#0" [stack: 0x0000003539400000,0x0000003539500000] [id=5616]

[error occurred during error reporting (printing all threads), id 0xc0000005, EXCEPTION_ACCESS_VIOLATION (0xc0000005) at pc=0x00007ff8fd2713c7]

VM state: not at safepoint (not fully initialized)

VM Mutex/Monitor currently owned by a thread:  ([mutex/lock_event])
[0x000001cc5d2935a0] Heap_lock - owner thread: 0x000001cc5d2a4250

Heap address: 0x0000000083400000, size: 1996 MB, Compressed Oops mode: 32-bit

CDS archive(s) mapped at: [0x0000000000000000-0x0000000000000000-0x0000000000000000), size 0, SharedBaseAddress: 0x0000000800000000, ArchiveRelocationMode: 1.
Narrow klass base: 0x0000000000000000, Narrow klass shift: 0, Narrow klass range: 0x0

GC Precious Log:
<Empty>

Heap:
 garbage-first heap   total 0K, used 0K [0x0000000083400000, 0x0000000100000000)
  region size 1024K, 0 young (0K), 0 survivors (0K)
 Metaspace       used 0K, committed 0K, reserved 0K
  class space    used 0K, committed 0K, reserved 0K

Heap Regions: E=young(eden), S=young(survivor), O=old, HS=humongous(starts), HC=humongous(continues), CS=collection set, F=free, OA=open archive, CA=closed archive, TAMS=top-at-mark-start (previous, next)

Card table byte_map: [0x000001cc704d0000,0x000001cc708c0000] _byte_map_base: 0x000001cc700b6000

Marking Bits (Prev, Next): (CMBitMap*) 0x000001cc5d300620, (CMBitMap*) 0x000001cc5d300660
 Prev Bits: [0x000001cc70cb0000, 0x000001cc72be0000)
 Next Bits: [0x000001cc72be0000, 0x000001cc74b10000)

GC Heap History (0 events):
No events

Dll operation events (1 events):
Event: 0.031 Loaded shared library C:\Program Files\JetBrains\PyCharm 2024.1\jbr\bin\java.dll

Deoptimization events (0 events):
No events

Classes unloaded (0 events):
No events

Classes redefined (0 events):
No events

Internal exceptions (0 events):
No events

VM Operations (0 events):
No events

Events (0 events):
No events


Dynamic libraries:
0x00007ff7302c0000 - 0x00007ff7302ca000 	C:\Program Files\JetBrains\PyCharm 2024.1\jbr\bin\java.exe
0x00007ff954e00000 - 0x00007ff955063000 	C:\WINDOWS\SYSTEM32\ntdll.dll
0x00007ff952ef0000 - 0x00007ff952fb8000 	C:\WINDOWS\System32\KERNEL32.DLL
0x00007ff952350000 - 0x00007ff952702000 	C:\WINDOWS\System32\KERNELBASE.dll
0x00007ff952b10000 - 0x00007ff952c5b000 	C:\WINDOWS\System32\ucrtbase.dll
0x00007ff91a8f0000 - 0x00007ff91a907000 	C:\Program Files\JetBrains\PyCharm 2024.1\jbr\bin\jli.dll
0x00007ff952fc0000 - 0x00007ff953188000 	C:\WINDOWS\System32\USER32.dll
0x00007ff952270000 - 0x00007ff952297000 	C:\WINDOWS\System32\win32u.dll
0x00007ff954540000 - 0x00007ff95456a000 	C:\WINDOWS\System32\GDI32.dll
0x00007ff952890000 - 0x00007ff9529bb000 	C:\WINDOWS\System32\gdi32full.dll
0x00007ff9522a0000 - 0x00007ff952343000 	C:\WINDOWS\System32\msvcp_win.dll
0x00007ff91a8c0000 - 0x00007ff91a8db000 	C:\Program Files\JetBrains\PyCharm 2024.1\jbr\bin\VCRUNTIME140.dll
0x00007ff92bb70000 - 0x00007ff92be00000 	C:\WINDOWS\WinSxS\amd64_microsoft.windows.common-controls_6595b64144ccf1df_6.0.26100.2454_none_3e0b68a2e331ad60\COMCTL32.dll
0x00007ff953f90000 - 0x00007ff954039000 	C:\WINDOWS\System32\msvcrt.dll
0x00007ff953190000 - 0x00007ff9531bf000 	C:\WINDOWS\System32\IMM32.DLL
0x00007ff931910000 - 0x00007ff93191c000 	C:\Program Files\JetBrains\PyCharm 2024.1\jbr\bin\vcruntime140_1.dll
0x00007ff907dc0000 - 0x00007ff907e4d000 	C:\Program Files\JetBrains\PyCharm 2024.1\jbr\bin\msvcp140.dll
0x00007ff8fcf80000 - 0x00007ff8fdc02000 	C:\Program Files\JetBrains\PyCharm 2024.1\jbr\bin\server\jvm.dll
0x00007ff9531d0000 - 0x00007ff953284000 	C:\WINDOWS\System32\ADVAPI32.dll
0x00007ff952e40000 - 0x00007ff952ee6000 	C:\WINDOWS\System32\sechost.dll
0x00007ff952c60000 - 0x00007ff952d76000 	C:\WINDOWS\System32\RPCRT4.dll
0x00007ff952060000 - 0x00007ff9520ae000 	C:\WINDOWS\SYSTEM32\POWRPROF.dll
0x00007ff942d40000 - 0x00007ff942d4a000 	C:\WINDOWS\SYSTEM32\WSOCK32.dll
0x00007ff953460000 - 0x00007ff9534d4000 	C:\WINDOWS\System32\WS2_32.dll
0x00007ff931ec0000 - 0x00007ff931ef6000 	C:\WINDOWS\SYSTEM32\WINMM.dll
0x00007ff947b20000 - 0x00007ff947b2b000 	C:\WINDOWS\SYSTEM32\VERSION.dll
0x00007ff952040000 - 0x00007ff952054000 	C:\WINDOWS\SYSTEM32\UMPDC.dll
0x00007ff950ff0000 - 0x00007ff95100a000 	C:\WINDOWS\SYSTEM32\kernel.appcore.dll
0x00007ff942a10000 - 0x00007ff942a1a000 	C:\Program Files\JetBrains\PyCharm 2024.1\jbr\bin\jimage.dll
0x00007ff9435f0000 - 0x00007ff943831000 	C:\WINDOWS\SYSTEM32\DBGHELP.DLL
0x00007ff954040000 - 0x00007ff9543be000 	C:\WINDOWS\System32\combase.dll
0x00007ff953540000 - 0x00007ff953616000 	C:\WINDOWS\System32\OLEAUT32.dll
0x00007ff942d00000 - 0x00007ff942d39000 	C:\WINDOWS\SYSTEM32\dbgcore.DLL
0x00007ff9521d0000 - 0x00007ff952269000 	C:\WINDOWS\System32\bcryptPrimitives.dll
0x00007ff910d40000 - 0x00007ff910d65000 	C:\Program Files\JetBrains\PyCharm 2024.1\jbr\bin\java.dll

dbghelp: loaded successfully - version: 4.0.5 - missing functions: none
symbol engine: initialized successfully - sym options: 0x614 - pdb path: .;C:\Program Files\JetBrains\PyCharm 2024.1\jbr\bin;C:\WINDOWS\SYSTEM32;C:\WINDOWS\WinSxS\amd64_microsoft.windows.common-controls_6595b64144ccf1df_6.0.26100.2454_none_3e0b68a2e331ad60;C:\Program Files\JetBrains\PyCharm 2024.1\jbr\bin\server

VM Arguments:
java_command: com.intellij.util.ReadEnv
java_class_path (initial): C:\Program Files\JetBrains\PyCharm 2024.1\lib\util_rt.jar
Launcher Type: SUN_STANDARD

[Global flags]
     intx CICompilerCount                          = 3                                         {product} {ergonomic}
     uint ConcGCThreads                            = 1                                         {product} {ergonomic}
     uint G1ConcRefinementThreads                  = 4                                         {product} {ergonomic}
   size_t G1HeapRegionSize                         = 1048576                                   {product} {ergonomic}
    uintx GCDrainStackTargetSize                   = 64                                        {product} {ergonomic}
   size_t InitialHeapSize                          = 132120576                                 {product} {ergonomic}
   size_t MarkStackSize                            = 4194304                                   {product} {ergonomic}
   size_t MaxHeapSize                              = 2092957696                                {product} {ergonomic}
   size_t MinHeapDeltaBytes                        = 1048576                                   {product} {ergonomic}
   size_t MinHeapSize                              = 8388608                                   {product} {ergonomic}
    uintx NonNMethodCodeHeapSize                   = 5832780                                {pd product} {ergonomic}
    uintx NonProfiledCodeHeapSize                  = 122912730                              {pd product} {ergonomic}
    uintx ProfiledCodeHeapSize                     = 122912730                              {pd product} {ergonomic}
    uintx ReservedCodeCacheSize                    = 251658240                              {pd product} {ergonomic}
     bool SegmentedCodeCache                       = true                                      {product} {ergonomic}
   size_t SoftMaxHeapSize                          = 2092957696                             {manageable} {ergonomic}
     bool UseCompressedClassPointers               = true                           {product lp64_product} {ergonomic}
     bool UseCompressedOops                        = true                           {product lp64_product} {ergonomic}
     bool UseG1GC                                  = true                                      {product} {ergonomic}
     bool UseLargePagesIndividualAllocation        = false                                  {pd product} {ergonomic}

Logging:
Log output configuration:
 #0: stdout all=warning uptime,level,tags
 #1: stderr all=off uptime,level,tags

Environment Variables:
PATH=C:\Users\kumar\OneDrive\Documents\Amit kumar\myenv\Scripts;C:\WINDOWS\system32;C:\WINDOWS;C:\WINDOWS\System32\Wbem;C:\WINDOWS\System32\WindowsPowerShell\v1.0\;C:\WINDOWS\System32\OpenSSH\;C:\Program Files\Git\cmd;C:\Users\kumar\AppData\Local\Programs\Python\Python311\Scripts\;C:\Users\kumar\AppData\Local\Programs\Python\Python311\;C:\Users\kumar\AppData\Local\Microsoft\WindowsApps;C:\Users\kumar\AppData\Local\Programs\Microsoft VS Code\bin;C:\Users\kumar\AppData\Local\GitHubDesktop\bin;C:\ProgramData\kumar\GitHubDesktop\bin;
USERNAME=kumar
OS=Windows_NT
PROCESSOR_IDENTIFIER=Intel64 Family 6 Model 142 Stepping 12, GenuineIntel
TMP=C:\Users\kumar\AppData\Local\Temp
TEMP=C:\Users\kumar\AppData\Local\Temp



Periodic native trim disabled

JNI global refs:
JNI global refs: 0, weak refs: 0

JNI global refs memory usage: 0, weak refs: 0

OOME stack traces (most recent first):
Classloader memory used:


---------------  S Y S T E M  ---------------

OS:
 Windows 11 , 64 bit Build 26100 (10.0.26100.2454)
OS uptime: 0 days 0:33 hours
Hyper-V role detected

CPU: total 4 (initial active 4) (2 cores per cpu, 2 threads per core) family 6 model 142 stepping 12 microcode 0xf8, cx8, cmov, fxsr, ht, mmx, 3dnowpref, sse, sse2, sse3, ssse3, sse4.1, sse4.2, popcnt, lzcnt, tsc, tscinvbit, avx, avx2, aes, erms, clmul, bmi1, bmi2, adx, fma, vzeroupper, clflush, clflushopt, hv
Processor Information for all 4 processors :
  Max Mhz: 2592, Current Mhz: 2093, Mhz Limit: 2073

Memory: 4k page, system-wide physical 7979M (586M free)
TotalPageFile size 32555M (AvailPageFile size 11M)
current process WorkingSet (physical memory assigned to process): 12M, peak: 12M
current process commit charge ("private bytes"): 52M, peak: 177M

vm_info: OpenJDK 64-Bit Server VM (17.0.10+8-b1207.12) for windows-amd64 JRE (17.0.10+8-b1207.12), built on 2024-03-15 by "builduser" with MS VC++ 16.10 / 16.11 (VS2019)

END.
